Starting CAP Project Generator...
Using @sap/cds-dk [9.9.1] from /extbin/globals/bun/global/install/node_modules/@sap/cds-dk
Using @sap/generator-cap-project [2.0.6] from [/extbin/globals/bun/global/install/node_modules/@sap/generator-cap-project]
Using root path [/home/user/projects]

Creating project with approuter, html5-repo, mta, nodejs, sample

Adding facet: nodejs
Adding facet: mta
Adding facet: sample
Adding facet: approuter
Adding facet: html5-repo

Successfully initialized CAP project
Continue with: code cap-sample 


Installing dependencies...

added 253 packages, and audited 254 packages in 6s

38 packages are looking for funding
  run `npm fund` for details

found 0 vulnerabilities

Finished installing dependencies

Done setting up project cap-sample
Project is ready to use

